~~~ 2 Process，每个占用资源 4096 次 ~~~
resource 按照顺序被占用了 32.978085762s，占用比率为 99.59%。
资源占用     8192 次，最短  2003.76us， 最长 85904.95us， 均值  4009.35us， 方差  3905.67。
资源空闲     8191 次，最短     1.94us， 最长  3525.79us， 均值    16.30us， 方差    57.44。

~~~ 4 Process，每个占用资源 2048 次 ~~~
resource 按照顺序被占用了 34.529323142s，占用比率为 99.61%。
资源占用     8192 次，最短  2005.55us， 最长 181507.99us， 均值  4198.91us， 方差  5094.60。
资源空闲     8191 次，最短     2.31us， 最长  2898.97us， 均值    16.09us， 方差    35.59。

~~~ 8 Process，每个占用资源 1024 次 ~~~
resource 按照顺序被占用了 33.541396861s，占用比率为 99.46%。
资源占用     8192 次，最短  2003.54us， 最长 207031.85us， 均值  4072.60us， 方差  6749.69。
资源空闲     8191 次，最短     2.46us， 最长  1304.37us， 均值    21.81us， 方差    24.92。

~~~ 16 Process，每个占用资源 512 次 ~~~
resource 按照顺序被占用了 30.386092866s，占用比率为 99.13%。
资源占用     8192 次，最短  2004.03us， 最长 123106.46us， 均值  3677.02us， 方差  3659.15。
资源空闲     8191 次，最短     3.26us， 最长 16955.48us， 均值    32.22us， 方差   188.40。

~~~ 32 Process，每个占用资源 256 次 ~~~
resource 按照顺序被占用了 28.366479148s，占用比率为 98.67%。
资源占用     8192 次，最短  2004.31us， 最长 72944.65us， 均值  3416.96us， 方差  2712.13。
资源空闲     8191 次，最短     5.21us， 最长   490.87us， 均值    45.75us， 方差    32.40。

~~~ 64 Process，每个占用资源 128 次 ~~~
resource 按照顺序被占用了 32.109684705s，占用比率为 97.89%。
资源占用     8192 次，最短  2004.75us， 最长 233371.37us， 均值  3837.12us， 方差  6465.24。
资源空闲     8191 次，最短     5.83us， 最长  2877.42us， 均值    82.53us， 方差    72.86。

~~~ 128 Process，每个占用资源 64 次 ~~~
resource 按照顺序被占用了 32.185372469s，占用比率为 94.25%。
资源占用     8192 次，最短  2013.16us， 最长 193555.24us， 均值  3703.19us， 方差  5953.29。
资源空闲     8191 次，最短    10.15us， 最长 12372.96us， 均值   225.72us， 方差   698.12。

一共测试了 7 轮，全部通过
