~~~ 2 Process，每个占用资源 128 次 ~~~
resource 按照顺序被占用了 2.407491985s，占用比率为 99.75%。
资源占用      256 次，最短  5022.23us， 最长 63143.84us， 均值  9380.92us， 方差  6622.72。
资源空闲      255 次，最短     3.80us， 最长   199.75us， 均值    23.43us， 方差    23.88。

~~~ 4 Process，每个占用资源 64 次 ~~~
resource 按照顺序被占用了 1.960233186s，占用比率为 99.71%。
资源占用      256 次，最短  5014.86us， 最长 46604.10us， 均值  7635.55us， 方差  3073.93。
资源空闲      255 次，最短     4.84us， 最长    94.00us， 均值    21.70us， 方差    13.82。

~~~ 8 Process，每个占用资源 32 次 ~~~
resource 按照顺序被占用了 2.046582256s，占用比率为 99.68%。
资源占用      256 次，最短  5041.58us， 最长 27582.06us， 均值  7969.32us， 方差  2246.60。
资源空闲      255 次，最短     5.18us， 最长   127.92us， 均值    25.24us， 方差    19.10。

~~~ 16 Process，每个占用资源 16 次 ~~~
resource 按照顺序被占用了 2.082539742s，占用比率为 99.50%。
资源占用      256 次，最短  5039.09us， 最长 44483.55us， 均值  8094.59us， 方差  3325.00。
资源空闲      255 次，最短     5.19us， 最长   168.50us， 均值    40.49us， 方差    27.63。

~~~ 32 Process，每个占用资源 8 次 ~~~
resource 按照顺序被占用了 1.920880324s，占用比率为 99.17%。
资源占用      256 次，最短  5044.26us， 最长 15409.91us， 均值  7441.84us， 方差  1759.37。
资源空闲      255 次，最短    16.37us， 最长   170.78us， 均值    61.84us， 方差    30.08。

~~~ 64 Process，每个占用资源 4 次 ~~~
resource 按照顺序被占用了 2.143537899s，占用比率为 98.84%。
资源占用      256 次，最短  5073.35us， 最长 48884.01us， 均值  8276.29us， 方差  3837.07。
资源空闲      255 次，最短    12.27us， 最长   515.83us， 均值    97.28us， 方差    63.10。

~~~ 128 Process，每个占用资源 2 次 ~~~
resource 按照顺序被占用了 2.143058793s，占用比率为 97.97%。
资源占用      256 次，最短  5044.50us， 最长 55822.49us， 均值  8201.77us， 方差  4830.01。
资源空闲      255 次，最短    22.31us， 最长   718.89us， 均值   170.21us， 方差   109.31。

一共测试了 7 轮，全部通过
