~~~ 2 Process，每个占用资源 65536 次 ~~~
resource 按照顺序被占用了 668.396639ms，占用比率为 37.92%。
资源占用   131072 次，最短     0.27us， 最长 29435.73us， 均值     1.93us， 方差    88.03。
资源空闲   131071 次，最短     1.18us， 最长 17542.85us， 均值     3.17us， 方差    70.11。

~~~ 4 Process，每个占用资源 32768 次 ~~~
resource 按照顺序被占用了 1.155640941s，占用比率为 32.08%。
资源占用   131072 次，最短     0.27us， 最长 22002.79us， 均值     2.83us， 方差    65.24。
资源空闲   131071 次，最短     1.05us， 最长  8561.88us， 均值     5.99us， 方差    62.20。

~~~ 8 Process，每个占用资源 16384 次 ~~~
resource 按照顺序被占用了 2.12615467s，占用比率为 39.09%。
资源占用   131072 次，最短     0.26us， 最长  5946.84us， 均值     6.34us， 方差    24.43。
资源空闲   131071 次，最短     1.07us， 最长  9675.54us， 均值     9.88us， 方差    57.31。

~~~ 16 Process，每个占用资源 8192 次 ~~~
resource 按照顺序被占用了 3.420487691s，占用比率为 36.13%。
资源占用   131072 次，最短     0.28us， 最长  7982.59us， 均值     9.43us， 方差    35.58。
资源空闲   131071 次，最短     1.24us， 最长 10538.94us， 均值    16.67us， 方差    78.12。

~~~ 32 Process，每个占用资源 4096 次 ~~~
resource 按照顺序被占用了 5.468371284s，占用比率为 31.38%。
资源占用   131072 次，最短     0.24us， 最长  9048.41us， 均值    13.09us， 方差    50.48。
资源空闲   131071 次，最短     1.39us， 最长  8544.44us， 均值    28.63us， 方差    82.06。

~~~ 64 Process，每个占用资源 2048 次 ~~~
resource 按照顺序被占用了 13.075486872s，占用比率为 29.67%。
资源占用   131072 次，最短     0.29us， 最长 10452.55us， 均值    29.60us， 方差    79.38。
资源空闲   131071 次，最短     1.61us， 最长  9539.76us， 均值    70.16us， 方差   115.59。

~~~ 128 Process，每个占用资源 1024 次 ~~~
resource 按照顺序被占用了 38.335141284s，占用比率为 28.16%。
资源占用   131072 次，最短     0.28us， 最长 10136.66us， 均值    82.36us， 方差   176.96。
资源空闲   131071 次，最短     1.91us， 最长 16515.60us， 均值   210.11us， 方差   303.76。

一共测试了 7 轮，全部通过。共耗时 1m4.291546898s 。
