~~~ 2 Process，每个占用资源 128 次 ~~~
resource 按照顺序被占用了 2.379261621s，占用比率为 89.37%。
资源占用      256 次，最短  5025.36us， 最长 20339.42us， 均值  8306.96us， 方差  2756.68。
资源空闲      255 次，最短     4.29us， 最长 13085.35us， 均值   990.90us， 方差  2355.56。

~~~ 4 Process，每个占用资源 64 次 ~~~
resource 按照顺序被占用了 16.930269717s，占用比率为 55.43%。
资源占用      256 次，最短  5165.31us， 最长 105511.06us， 均值 36663.09us， 方差 19010.36。
资源空闲      255 次，最短     4.76us， 最长 116224.61us， 均值 29586.35us， 方差 22682.64。

~~~ 8 Process，每个占用资源 32 次 ~~~
resource 按照顺序被占用了 33.720701986s，占用比率为 53.75%。
资源占用      256 次，最短  6542.44us， 最长 221719.49us， 均值 70813.15us， 方差 43859.83。
资源空闲      255 次，最短     3.06us， 最长 300543.42us， 均值 61147.20us， 方差 53526.11。

~~~ 16 Process，每个占用资源 16 次 ~~~
resource 按照顺序被占用了 58.270897755s，占用比率为 54.46%。
资源占用      256 次，最短  5141.07us， 最长 452521.08us， 均值 123983.94us， 方差 72546.39。
资源空闲      255 次，最短     4.72us， 最长 498003.39us， 均值 104043.18us， 方差 104799.63。

~~~ 32 Process，每个占用资源 8 次 ~~~
resource 按照顺序被占用了 1m47.511095698s，占用比率为 55.00%。
资源占用      256 次，最短  5323.08us， 最长 645974.57us， 均值 230982.54us， 方差 163284.11。
资源空闲      255 次，最短     7.80us， 最长 1458182.38us， 均值 189723.79us， 方差 231997.86。

~~~ 64 Process，每个占用资源 4 次 ~~~
resource 按照顺序被占用了 2m42.346822931s，占用比率为 59.02%。
资源占用      256 次，最短  5069.47us， 最长 1443147.32us， 均值 374337.03us， 方差 346342.79。
资源空闲      255 次，最短     8.64us， 最长 2459447.77us， 均值 260849.19us， 方差 377314.07。

~~~ 128 Process，每个占用资源 2 次 ~~~
resource 按照顺序被占用了 2m4.276074773s，占用比率为 61.81%。
资源占用      256 次，最短  5058.03us， 最长 2365666.99us， 均值 300103.92us， 方差 453639.24。
资源空闲      255 次，最短    14.98us， 最长 2801353.76us， 均值 186076.36us， 方差 402529.36。

一共测试了 7 轮，全部通过